<?xml version="1.0" encoding="UTF-8"?>
<testng-results skipped="0" failed="0" ignored="0" total="1" passed="1">
  <reporter-output>
  </reporter-output>
  <suite name="Amazon" duration-ms="9144" started-at="2022-10-25T21:32:05Z" finished-at="2022-10-25T21:32:14Z">
    <groups>
    </groups>
    <test name="TC001_signIn" duration-ms="9144" started-at="2022-10-25T21:32:05Z" finished-at="2022-10-25T21:32:14Z">
      <class name="com_Amazon_testCases.TC001_signIn">
        <test-method status="PASS" signature="setUp(java.lang.String)[pri:0, instance:com_Amazon_testCases.TC001_signIn@1622f1b]" name="setUp" is-config="true" duration-ms="5069" started-at="2022-10-25T21:32:05Z" finished-at="2022-10-25T21:32:10Z">
          <params>
            <param index="0">
              <value>
                <![CDATA[chrome]]>
              </value>
            </param>
          </params>
          <reporter-output>
          </reporter-output>
        </test-method> <!-- setUp -->
        <test-method status="PASS" signature="signIn()[pri:0, instance:com_Amazon_testCases.TC001_signIn@1622f1b]" name="signIn" duration-ms="3162" started-at="2022-10-25T21:32:10Z" finished-at="2022-10-25T21:32:13Z">
          <reporter-output>
          </reporter-output>
        </test-method> <!-- signIn -->
        <test-method status="PASS" signature="tearDown()[pri:0, instance:com_Amazon_testCases.TC001_signIn@1622f1b]" name="tearDown" is-config="true" duration-ms="749" started-at="2022-10-25T21:32:13Z" finished-at="2022-10-25T21:32:14Z">
          <reporter-output>
          </reporter-output>
        </test-method> <!-- tearDown -->
      </class> <!-- com_Amazon_testCases.TC001_signIn -->
    </test> <!-- TC001_signIn -->
  </suite> <!-- Amazon -->
</testng-results>
